--------------------------------------------------------------------------------
Release 10.1.03 Trace  (lin64)
Copyright (c) 1995-2008 Xilinx, Inc.  All rights reserved.

/afs/csail.mit.edu/proj/redsocs/Xilinx10.1/ISE/bin/lin64/unwrapped/trce -ise
/afs/athena.mit.edu/user/m/k/mkel/Desktop/6.111/finalproject/6.111/catch2/catch2.ise
-intstyle ise -v 3 -s 4 -xml catch catch.ncd -o catch.twr catch.pcf -ucf
labkit.ucf

Design file:              catch.ncd
Physical constraint file: catch.pcf
Device,package,speed:     xc2v6000,bf957,-4 (PRODUCTION 1.121 2008-07-25, STEPPING level 0)
Report level:             verbose report

Environment Variable      Effect 
--------------------      ------ 
NONE                      No environment variables were set
--------------------------------------------------------------------------------

INFO:Timing:2698 - No timing constraints found, doing default enumeration.
INFO:Timing:2752 - To get complete path coverage, use the unconstrained paths 
   option. All paths that are not constrained will be reported in the 
   unconstrained paths section(s) of the report.
INFO:Timing:3339 - The clock-to-out numbers in this timing report are based on 
   a 50 Ohm transmission line loading model.  For the details of this model, 
   and for more information on accounting for different loading conditions, 
   please see the device datasheet.



Data Sheet report:
-----------------
All values displayed in nanoseconds (ns)

Setup/Hold to clock clock_27mhz
------------+------------+------------+------------------+--------+
            |  Setup to  |  Hold to   |                  | Clock  |
Source      | clk (edge) | clk (edge) |Internal Clock(s) | Phase  |
------------+------------+------------+------------------+--------+
button0     |    5.696(R)|   -0.272(R)|clock_27mhz_IBUFG |   0.000|
button1     |    6.637(R)|   -0.824(R)|clock_27mhz_IBUFG |   0.000|
button_enter|    6.866(R)|   -0.266(R)|clock_27mhz_IBUFG |   0.000|
switch<0>   |    5.017(R)|   -0.521(R)|clock_27mhz_IBUFG |   0.000|
switch<1>   |    5.189(R)|   -0.039(R)|clock_27mhz_IBUFG |   0.000|
------------+------------+------------+------------------+--------+

Clock clock_27mhz to Pad
----------------+------------+------------------+--------+
                | clk (edge) |                  | Clock  |
Destination     |   to PAD   |Internal Clock(s) | Phase  |
----------------+------------+------------------+--------+
led<0>          |   20.457(R)|clock_27mhz_IBUFG |   0.000|
vga_out_blank_b |   11.029(R)|clock_27mhz_IBUFG |   0.000|
vga_out_blue<0> |   11.732(R)|clock_27mhz_IBUFG |   0.000|
vga_out_blue<1> |   10.701(R)|clock_27mhz_IBUFG |   0.000|
vga_out_blue<2> |    9.591(R)|clock_27mhz_IBUFG |   0.000|
vga_out_blue<3> |   10.611(R)|clock_27mhz_IBUFG |   0.000|
vga_out_blue<4> |    9.811(R)|clock_27mhz_IBUFG |   0.000|
vga_out_blue<5> |    9.506(R)|clock_27mhz_IBUFG |   0.000|
vga_out_blue<6> |   10.910(R)|clock_27mhz_IBUFG |   0.000|
vga_out_blue<7> |   10.936(R)|clock_27mhz_IBUFG |   0.000|
vga_out_green<0>|    9.989(R)|clock_27mhz_IBUFG |   0.000|
vga_out_green<1>|   10.740(R)|clock_27mhz_IBUFG |   0.000|
vga_out_green<2>|   10.084(R)|clock_27mhz_IBUFG |   0.000|
vga_out_green<3>|    9.506(R)|clock_27mhz_IBUFG |   0.000|
vga_out_green<4>|   10.443(R)|clock_27mhz_IBUFG |   0.000|
vga_out_green<5>|    9.762(R)|clock_27mhz_IBUFG |   0.000|
vga_out_green<6>|   10.437(R)|clock_27mhz_IBUFG |   0.000|
vga_out_green<7>|    9.739(R)|clock_27mhz_IBUFG |   0.000|
vga_out_hsync   |   11.143(R)|clock_27mhz_IBUFG |   0.000|
vga_out_red<0>  |   10.657(R)|clock_27mhz_IBUFG |   0.000|
vga_out_red<1>  |    9.951(R)|clock_27mhz_IBUFG |   0.000|
vga_out_red<2>  |   10.015(R)|clock_27mhz_IBUFG |   0.000|
vga_out_red<3>  |   10.008(R)|clock_27mhz_IBUFG |   0.000|
vga_out_red<4>  |   10.498(R)|clock_27mhz_IBUFG |   0.000|
vga_out_red<5>  |    9.387(R)|clock_27mhz_IBUFG |   0.000|
vga_out_red<6>  |   10.707(R)|clock_27mhz_IBUFG |   0.000|
vga_out_red<7>  |   10.323(R)|clock_27mhz_IBUFG |   0.000|
vga_out_vsync   |   11.487(R)|clock_27mhz_IBUFG |   0.000|
----------------+------------+------------------+--------+

Clock to Setup on destination clock clock_27mhz
---------------+---------+---------+---------+---------+
               | Src:Rise| Src:Fall| Src:Rise| Src:Fall|
Source Clock   |Dest:Rise|Dest:Rise|Dest:Fall|Dest:Fall|
---------------+---------+---------+---------+---------+
clock_27mhz    |   18.706|         |         |         |
---------------+---------+---------+---------+---------+

Pad to Pad
---------------+-------------------+---------+
Source Pad     |Destination Pad    |  Delay  |
---------------+-------------------+---------+
clock_27mhz    |vga_out_pixel_clock|   11.472|
---------------+-------------------+---------+


Analysis completed Tue Dec  3 19:10:34 2013 
--------------------------------------------------------------------------------

Trace Settings:
-------------------------
Trace Settings 

Peak Memory Usage: 355 MB



