Release 10.1.03 - xst K.39 (lin64)
Copyright (c) 1995-2008 Xilinx, Inc.  All rights reserved.
--> 
Parameter TMPDIR set to /afs/athena.mit.edu/user/m/k/mkel/Desktop/6.111/finalproject/6.111/catch/xst/projnav.tmp


Total REAL time to Xst completion: 0.00 secs
Total CPU time to Xst completion: 0.04 secs
 
--> 
Parameter xsthdpdir set to /afs/athena.mit.edu/user/m/k/mkel/Desktop/6.111/finalproject/6.111/catch/xst


Total REAL time to Xst completion: 0.00 secs
Total CPU time to Xst completion: 0.04 secs
 
--> 
Reading design: catch.prj

TABLE OF CONTENTS
  1) Synthesis Options Summary
  2) HDL Compilation
  3) Design Hierarchy Analysis
  4) HDL Analysis
  5) HDL Synthesis
     5.1) HDL Synthesis Report
  6) Advanced HDL Synthesis
     6.1) Advanced HDL Synthesis Report
  7) Low Level Synthesis
  8) Partition Report
  9) Final Report
     9.1) Device utilization summary
     9.2) Partition Resource Summary
     9.3) TIMING REPORT


=========================================================================
*                      Synthesis Options Summary                        *
=========================================================================
---- Source Parameters
Input File Name                    : "catch.prj"
Input Format                       : mixed
Ignore Synthesis Constraint File   : NO

---- Target Parameters
Output File Name                   : "catch"
Output Format                      : NGC
Target Device                      : xc2v6000-4-bf957

---- Source Options
Top Module Name                    : catch
Automatic FSM Extraction           : YES
FSM Encoding Algorithm             : Auto
Safe Implementation                : No
FSM Style                          : lut
RAM Extraction                     : Yes
RAM Style                          : Auto
ROM Extraction                     : Yes
Mux Style                          : Auto
Decoder Extraction                 : YES
Priority Encoder Extraction        : YES
Shift Register Extraction          : YES
Logical Shifter Extraction         : YES
XOR Collapsing                     : YES
ROM Style                          : Auto
Mux Extraction                     : YES
Resource Sharing                   : YES
Asynchronous To Synchronous        : NO
Multiplier Style                   : auto
Automatic Register Balancing       : No

---- Target Options
Add IO Buffers                     : YES
Global Maximum Fanout              : 500
Add Generic Clock Buffer(BUFG)     : 16
Register Duplication               : YES
Slice Packing                      : YES
Optimize Instantiated Primitives   : NO
Convert Tristates To Logic         : Yes
Use Clock Enable                   : Yes
Use Synchronous Set                : Yes
Use Synchronous Reset              : Yes
Pack IO Registers into IOBs        : auto
Equivalent register Removal        : YES

---- General Options
Optimization Goal                  : Speed
Optimization Effort                : 1
Library Search Order               : catch.lso
Keep Hierarchy                     : NO
Netlist Hierarchy                  : as_optimized
RTL Output                         : Yes
Global Optimization                : AllClockNets
Read Cores                         : YES
Write Timing Constraints           : NO
Cross Clock Analysis               : NO
Hierarchy Separator                : /
Bus Delimiter                      : <>
Case Specifier                     : maintain
Slice Utilization Ratio            : 100
BRAM Utilization Ratio             : 100
Verilog 2001                       : YES
Auto BRAM Packing                  : NO
Slice Utilization Ratio Delta      : 5

=========================================================================


=========================================================================
*                          HDL Compilation                              *
=========================================================================
Compiling verilog file "../sources/xvga.v" in library work
Compiling verilog file "../sources/debounce.v" in library work
Module <xvga> compiled
Compiling verilog file "../sources/catch_game.v" in library work
Module <debounce> compiled
Compiling verilog file "../sources/catch.v" in library work
Module <catch_game> compiled
Module <catch> compiled
No errors in compilation
Analysis of file <"catch.prj"> succeeded.
 

=========================================================================
*                     Design Hierarchy Analysis                         *
=========================================================================
Analyzing hierarchy for module <catch> in library <work>.

Analyzing hierarchy for module <debounce> in library <work>.

Analyzing hierarchy for module <xvga> in library <work>.

Analyzing hierarchy for module <catch_game> in library <work>.

WARNING:Xst:2591 - "../sources/catch.v" line 267: attribute on instance <CLKFX_DIVIDE> overrides generic/parameter on entity. It is possible that simulator will not take this attribute into account.
WARNING:Xst:2591 - "../sources/catch.v" line 267: attribute on instance <CLKFX_MULTIPLY> overrides generic/parameter on entity. It is possible that simulator will not take this attribute into account.
WARNING:Xst:2591 - "../sources/catch.v" line 267: attribute on instance <CLKIN_PERIOD> overrides generic/parameter on entity. It is possible that simulator will not take this attribute into account.
WARNING:Xst:2591 - "../sources/catch.v" line 267: attribute on instance <CLK_FEEDBACK> overrides generic/parameter on entity. It is possible that simulator will not take this attribute into account.

=========================================================================
*                            HDL Analysis                               *
=========================================================================
Analyzing top module <catch>.
Module <catch> is correct for synthesis.
 
    Set user-defined property "CLKDV_DIVIDE =  2.0000000000000000" for instance <vclk1> in unit <catch>.
    Set user-defined property "CLKFX_DIVIDE =  10" for instance <vclk1> in unit <catch>.
    Set user-defined property "CLKFX_MULTIPLY =  24" for instance <vclk1> in unit <catch>.
    Set user-defined property "CLKIN_DIVIDE_BY_2 =  FALSE" for instance <vclk1> in unit <catch>.
    Set user-defined property "CLKIN_PERIOD =  37.0000000000000000" for instance <vclk1> in unit <catch>.
    Set user-defined property "CLKOUT_PHASE_SHIFT =  NONE" for instance <vclk1> in unit <catch>.
    Set user-defined property "CLK_FEEDBACK =  NONE" for instance <vclk1> in unit <catch>.
    Set user-defined property "DESKEW_ADJUST =  SYSTEM_SYNCHRONOUS" for instance <vclk1> in unit <catch>.
    Set user-defined property "DFS_FREQUENCY_MODE =  LOW" for instance <vclk1> in unit <catch>.
    Set user-defined property "DLL_FREQUENCY_MODE =  LOW" for instance <vclk1> in unit <catch>.
    Set user-defined property "DSS_MODE =  NONE" for instance <vclk1> in unit <catch>.
    Set user-defined property "DUTY_CYCLE_CORRECTION =  TRUE" for instance <vclk1> in unit <catch>.
    Set user-defined property "FACTORY_JF =  C080" for instance <vclk1> in unit <catch>.
    Set user-defined property "PHASE_SHIFT =  0" for instance <vclk1> in unit <catch>.
    Set user-defined property "SIM_MODE =  SAFE" for instance <vclk1> in unit <catch>.
    Set user-defined property "STARTUP_WAIT =  FALSE" for instance <vclk1> in unit <catch>.
    Set user-defined property "INIT =  FFFF" for instance <reset_sr> in unit <catch>.
Analyzing module <debounce> in library <work>.
Module <debounce> is correct for synthesis.
 
Analyzing module <xvga> in library <work>.
Module <xvga> is correct for synthesis.
 
Analyzing module <catch_game> in library <work>.
Module <catch_game> is correct for synthesis.
 

=========================================================================
*                           HDL Synthesis                               *
=========================================================================

Performing bidirectional port resolution...
INFO:Xst:2561 - Always blocking tristate driving signal <flash_data> in unit <catch> is removed.
INFO:Xst:2561 - Always blocking tristate driving signal <ram0_data> in unit <catch> is removed.
INFO:Xst:2561 - Always blocking tristate driving signal <user1> in unit <catch> is removed.
INFO:Xst:2561 - Always blocking tristate driving signal <user2> in unit <catch> is removed.
INFO:Xst:2561 - Always blocking tristate driving signal <user3> in unit <catch> is removed.
INFO:Xst:2561 - Always blocking tristate driving signal <user4> in unit <catch> is removed.
INFO:Xst:2561 - Always blocking tristate driving signal <ram1_data> in unit <catch> is removed.
INFO:Xst:2561 - Always blocking tristate driving signal <daughtercard> in unit <catch> is removed.
INFO:Xst:2561 - Always blocking tristate driving signal <systemace_data> in unit <catch> is removed.
INFO:Xst:2561 - Always blocking tristate driving signal <tv_in_i2c_data> in unit <catch> is removed.

Synthesizing Unit <debounce>.
    Related source file is "../sources/debounce.v".
    Found 1-bit register for signal <clean>.
    Found 20-bit up counter for signal <count>.
    Found 1-bit xor2 for signal <count$xor0000> created at line 29.
    Found 1-bit register for signal <new>.
    Summary:
	inferred   1 Counter(s).
	inferred   2 D-type flip-flop(s).
Unit <debounce> synthesized.


Synthesizing Unit <xvga>.
    Related source file is "../sources/xvga.v".
    Found 10-bit up counter for signal <vcount>.
    Found 1-bit register for signal <vsync>.
    Found 11-bit up counter for signal <hcount>.
    Found 1-bit register for signal <blank>.
    Found 1-bit register for signal <hsync>.
    Found 1-bit register for signal <hblank>.
    Found 1-bit register for signal <vblank>.
    Summary:
	inferred   2 Counter(s).
	inferred   5 D-type flip-flop(s).
Unit <xvga> synthesized.


Synthesizing Unit <catch_game>.
    Related source file is "../sources/catch_game.v".
WARNING:Xst:647 - Input <vclock> is never used. This port will be preserved and left unconnected if it belongs to a top-level block or it belongs to a sub-block and the hierarchy of this sub-block is preserved.
WARNING:Xst:647 - Input <dist> is never used. This port will be preserved and left unconnected if it belongs to a top-level block or it belongs to a sub-block and the hierarchy of this sub-block is preserved.
WARNING:Xst:647 - Input <vcount<9>> is never used. This port will be preserved and left unconnected if it belongs to a top-level block or it belongs to a sub-block and the hierarchy of this sub-block is preserved.
WARNING:Xst:647 - Input <vcount<5:0>> is never used. This port will be preserved and left unconnected if it belongs to a top-level block or it belongs to a sub-block and the hierarchy of this sub-block is preserved.
WARNING:Xst:647 - Input <reset> is never used. This port will be preserved and left unconnected if it belongs to a top-level block or it belongs to a sub-block and the hierarchy of this sub-block is preserved.
WARNING:Xst:647 - Input <hcount<10:9>> is never used. This port will be preserved and left unconnected if it belongs to a top-level block or it belongs to a sub-block and the hierarchy of this sub-block is preserved.
WARNING:Xst:647 - Input <hcount<5:0>> is never used. This port will be preserved and left unconnected if it belongs to a top-level block or it belongs to a sub-block and the hierarchy of this sub-block is preserved.
WARNING:Xst:647 - Input <glove1x> is never used. This port will be preserved and left unconnected if it belongs to a top-level block or it belongs to a sub-block and the hierarchy of this sub-block is preserved.
WARNING:Xst:647 - Input <glove1y> is never used. This port will be preserved and left unconnected if it belongs to a top-level block or it belongs to a sub-block and the hierarchy of this sub-block is preserved.
WARNING:Xst:647 - Input <glove2closed> is never used. This port will be preserved and left unconnected if it belongs to a top-level block or it belongs to a sub-block and the hierarchy of this sub-block is preserved.
WARNING:Xst:647 - Input <glove2x> is never used. This port will be preserved and left unconnected if it belongs to a top-level block or it belongs to a sub-block and the hierarchy of this sub-block is preserved.
WARNING:Xst:647 - Input <glove2y> is never used. This port will be preserved and left unconnected if it belongs to a top-level block or it belongs to a sub-block and the hierarchy of this sub-block is preserved.
WARNING:Xst:647 - Input <glove1closed> is never used. This port will be preserved and left unconnected if it belongs to a top-level block or it belongs to a sub-block and the hierarchy of this sub-block is preserved.
WARNING:Xst:647 - Input <can_catch1> is never used. This port will be preserved and left unconnected if it belongs to a top-level block or it belongs to a sub-block and the hierarchy of this sub-block is preserved.
WARNING:Xst:647 - Input <can_catch2> is never used. This port will be preserved and left unconnected if it belongs to a top-level block or it belongs to a sub-block and the hierarchy of this sub-block is preserved.
    Found 3-bit adder for signal <checkerboard>.
    Summary:
	inferred   1 Adder/Subtractor(s).
Unit <catch_game> synthesized.


Synthesizing Unit <catch>.
    Related source file is "../sources/catch.v".
WARNING:Xst:2565 - Inout <user3<28>> is never assigned.
WARNING:Xst:2565 - Inout <user3<4>> is never assigned.
WARNING:Xst:2565 - Inout <user3<29>> is never assigned.
WARNING:Xst:2565 - Inout <user3<5>> is never assigned.
WARNING:Xst:647 - Input <button0> is never used. This port will be preserved and left unconnected if it belongs to a top-level block or it belongs to a sub-block and the hierarchy of this sub-block is preserved.
WARNING:Xst:647 - Input <button1> is never used. This port will be preserved and left unconnected if it belongs to a top-level block or it belongs to a sub-block and the hierarchy of this sub-block is preserved.
WARNING:Xst:647 - Input <button2> is never used. This port will be preserved and left unconnected if it belongs to a top-level block or it belongs to a sub-block and the hierarchy of this sub-block is preserved.
WARNING:Xst:647 - Input <button3> is never used. This port will be preserved and left unconnected if it belongs to a top-level block or it belongs to a sub-block and the hierarchy of this sub-block is preserved.
WARNING:Xst:2565 - Inout <user3<6>> is never assigned.
WARNING:Xst:2565 - Inout <user3<7>> is never assigned.
WARNING:Xst:2565 - Inout <user3<8>> is never assigned.
WARNING:Xst:2565 - Inout <user3<9>> is never assigned.
WARNING:Xst:2565 - Inout <daughtercard<10>> is never assigned.
WARNING:Xst:2565 - Inout <flash_data<10>> is never assigned.
WARNING:Xst:2565 - Inout <daughtercard<11>> is never assigned.
WARNING:Xst:2565 - Inout <flash_data<11>> is never assigned.
WARNING:Xst:647 - Input <clock1> is never used. This port will be preserved and left unconnected if it belongs to a top-level block or it belongs to a sub-block and the hierarchy of this sub-block is preserved.
WARNING:Xst:647 - Input <clock2> is never used. This port will be preserved and left unconnected if it belongs to a top-level block or it belongs to a sub-block and the hierarchy of this sub-block is preserved.
WARNING:Xst:2565 - Inout <daughtercard<12>> is never assigned.
WARNING:Xst:2565 - Inout <flash_data<12>> is never assigned.
WARNING:Xst:2565 - Inout <daughtercard<13>> is never assigned.
WARNING:Xst:2565 - Inout <flash_data<13>> is never assigned.
WARNING:Xst:647 - Input <tv_in_aef> is never used. This port will be preserved and left unconnected if it belongs to a top-level block or it belongs to a sub-block and the hierarchy of this sub-block is preserved.
WARNING:Xst:2565 - Inout <daughtercard<14>> is never assigned.
WARNING:Xst:2565 - Inout <flash_data<14>> is never assigned.
WARNING:Xst:647 - Input <tv_in_aff> is never used. This port will be preserved and left unconnected if it belongs to a top-level block or it belongs to a sub-block and the hierarchy of this sub-block is preserved.
WARNING:Xst:2565 - Inout <daughtercard<15>> is never assigned.
WARNING:Xst:2565 - Inout <daughtercard<20>> is never assigned.
WARNING:Xst:2565 - Inout <flash_data<15>> is never assigned.
WARNING:Xst:2565 - Inout <daughtercard<21>> is never assigned.
WARNING:Xst:2565 - Inout <daughtercard<16>> is never assigned.
WARNING:Xst:2565 - Inout <daughtercard<22>> is never assigned.
WARNING:Xst:2565 - Inout <daughtercard<17>> is never assigned.
WARNING:Xst:647 - Input <systemace_irq> is never used. This port will be preserved and left unconnected if it belongs to a top-level block or it belongs to a sub-block and the hierarchy of this sub-block is preserved.
WARNING:Xst:2565 - Inout <daughtercard<18>> is never assigned.
WARNING:Xst:2565 - Inout <daughtercard<23>> is never assigned.
WARNING:Xst:2565 - Inout <flash_data<0>> is never assigned.
WARNING:Xst:647 - Input <clock_feedback_in> is never used. This port will be preserved and left unconnected if it belongs to a top-level block or it belongs to a sub-block and the hierarchy of this sub-block is preserved.
WARNING:Xst:2565 - Inout <daughtercard<19>> is never assigned.
WARNING:Xst:2565 - Inout <daughtercard<24>> is never assigned.
WARNING:Xst:2565 - Inout <flash_data<1>> is never assigned.
WARNING:Xst:647 - Input <disp_data_in> is never used. This port will be preserved and left unconnected if it belongs to a top-level block or it belongs to a sub-block and the hierarchy of this sub-block is preserved.
WARNING:Xst:2565 - Inout <user2<10>> is never assigned.
WARNING:Xst:2565 - Inout <daughtercard<25>> is never assigned.
WARNING:Xst:2565 - Inout <daughtercard<30>> is never assigned.
WARNING:Xst:2565 - Inout <flash_data<2>> is never assigned.
WARNING:Xst:2565 - Inout <user2<11>> is never assigned.
WARNING:Xst:2565 - Inout <daughtercard<31>> is never assigned.
WARNING:Xst:2565 - Inout <daughtercard<26>> is never assigned.
WARNING:Xst:2565 - Inout <flash_data<3>> is never assigned.
WARNING:Xst:2565 - Inout <user2<12>> is never assigned.
WARNING:Xst:2565 - Inout <daughtercard<32>> is never assigned.
WARNING:Xst:2565 - Inout <daughtercard<27>> is never assigned.
WARNING:Xst:2565 - Inout <flash_data<4>> is never assigned.
WARNING:Xst:2565 - Inout <user2<13>> is never assigned.
WARNING:Xst:2565 - Inout <daughtercard<33>> is never assigned.
WARNING:Xst:2565 - Inout <daughtercard<28>> is never assigned.
WARNING:Xst:2565 - Inout <flash_data<5>> is never assigned.
WARNING:Xst:2565 - Inout <user4<0>> is never assigned.
WARNING:Xst:2565 - Inout <user2<14>> is never assigned.
WARNING:Xst:2565 - Inout <daughtercard<34>> is never assigned.
WARNING:Xst:2565 - Inout <daughtercard<29>> is never assigned.
WARNING:Xst:2565 - Inout <flash_data<6>> is never assigned.
WARNING:Xst:2565 - Inout <user4<1>> is never assigned.
WARNING:Xst:2565 - Inout <user2<15>> is never assigned.
WARNING:Xst:2565 - Inout <user2<20>> is never assigned.
WARNING:Xst:2565 - Inout <daughtercard<40>> is never assigned.
WARNING:Xst:2565 - Inout <daughtercard<35>> is never assigned.
WARNING:Xst:2565 - Inout <flash_data<7>> is never assigned.
WARNING:Xst:2565 - Inout <user4<2>> is never assigned.
WARNING:Xst:2565 - Inout <user2<21>> is never assigned.
WARNING:Xst:2565 - Inout <user2<16>> is never assigned.
WARNING:Xst:2565 - Inout <daughtercard<41>> is never assigned.
WARNING:Xst:2565 - Inout <daughtercard<36>> is never assigned.
WARNING:Xst:2565 - Inout <flash_data<8>> is never assigned.
WARNING:Xst:2565 - Inout <user1<0>> is never assigned.
WARNING:Xst:2565 - Inout <user4<3>> is never assigned.
WARNING:Xst:2565 - Inout <user2<17>> is never assigned.
WARNING:Xst:2565 - Inout <user2<22>> is never assigned.
WARNING:Xst:2565 - Inout <daughtercard<37>> is never assigned.
WARNING:Xst:2565 - Inout <daughtercard<42>> is never assigned.
WARNING:Xst:2565 - Inout <flash_data<9>> is never assigned.
WARNING:Xst:2565 - Inout <user1<1>> is never assigned.
WARNING:Xst:2565 - Inout <user4<4>> is never assigned.
WARNING:Xst:2565 - Inout <user2<23>> is never assigned.
WARNING:Xst:2565 - Inout <user2<18>> is never assigned.
WARNING:Xst:647 - Input <keyboard_clock> is never used. This port will be preserved and left unconnected if it belongs to a top-level block or it belongs to a sub-block and the hierarchy of this sub-block is preserved.
WARNING:Xst:2565 - Inout <daughtercard<38>> is never assigned.
WARNING:Xst:2565 - Inout <daughtercard<43>> is never assigned.
WARNING:Xst:2565 - Inout <user1<2>> is never assigned.
WARNING:Xst:2565 - Inout <user4<5>> is never assigned.
WARNING:Xst:2565 - Inout <user2<24>> is never assigned.
WARNING:Xst:2565 - Inout <user2<19>> is never assigned.
WARNING:Xst:2565 - Inout <daughtercard<39>> is never assigned.
WARNING:Xst:2565 - Inout <user1<3>> is never assigned.
WARNING:Xst:2565 - Inout <tv_in_i2c_data> is never assigned.
WARNING:Xst:2565 - Inout <user4<6>> is never assigned.
WARNING:Xst:2565 - Inout <user2<30>> is never assigned.
WARNING:Xst:2565 - Inout <user2<25>> is never assigned.
WARNING:Xst:2565 - Inout <user1<4>> is never assigned.
WARNING:Xst:2565 - Inout <user4<7>> is never assigned.
WARNING:Xst:2565 - Inout <user2<26>> is never assigned.
WARNING:Xst:2565 - Inout <user2<31>> is never assigned.
WARNING:Xst:2565 - Inout <user1<5>> is never assigned.
WARNING:Xst:647 - Input <flash_sts> is never used. This port will be preserved and left unconnected if it belongs to a top-level block or it belongs to a sub-block and the hierarchy of this sub-block is preserved.
WARNING:Xst:2565 - Inout <user4<8>> is never assigned.
WARNING:Xst:647 - Input <rs232_rxd> is never used. This port will be preserved and left unconnected if it belongs to a top-level block or it belongs to a sub-block and the hierarchy of this sub-block is preserved.
WARNING:Xst:2565 - Inout <user2<27>> is never assigned.
WARNING:Xst:2565 - Inout <user1<6>> is never assigned.
WARNING:Xst:2565 - Inout <user4<9>> is never assigned.
WARNING:Xst:2565 - Inout <user2<28>> is never assigned.
WARNING:Xst:647 - Input <mouse_data> is never used. This port will be preserved and left unconnected if it belongs to a top-level block or it belongs to a sub-block and the hierarchy of this sub-block is preserved.
WARNING:Xst:2565 - Inout <user1<7>> is never assigned.
WARNING:Xst:647 - Input <rs232_cts> is never used. This port will be preserved and left unconnected if it belongs to a top-level block or it belongs to a sub-block and the hierarchy of this sub-block is preserved.
WARNING:Xst:2565 - Inout <user2<29>> is never assigned.
WARNING:Xst:2565 - Inout <user1<8>> is never assigned.
WARNING:Xst:2565 - Inout <user1<9>> is never assigned.
WARNING:Xst:2565 - Inout <daughtercard<0>> is never assigned.
WARNING:Xst:2565 - Inout <user4<10>> is never assigned.
WARNING:Xst:2565 - Inout <daughtercard<1>> is never assigned.
WARNING:Xst:647 - Input <switch<7:2>> is never used. This port will be preserved and left unconnected if it belongs to a top-level block or it belongs to a sub-block and the hierarchy of this sub-block is preserved.
WARNING:Xst:2565 - Inout <user4<11>> is never assigned.
WARNING:Xst:2565 - Inout <daughtercard<2>> is never assigned.
WARNING:Xst:2565 - Inout <user4<12>> is never assigned.
WARNING:Xst:2565 - Inout <daughtercard<3>> is never assigned.
WARNING:Xst:2565 - Inout <user4<13>> is never assigned.
WARNING:Xst:2565 - Inout <daughtercard<4>> is never assigned.
WARNING:Xst:2565 - Inout <user4<14>> is never assigned.
WARNING:Xst:2565 - Inout <daughtercard<5>> is never assigned.
WARNING:Xst:2565 - Inout <user4<20>> is never assigned.
WARNING:Xst:2565 - Inout <user4<15>> is never assigned.
WARNING:Xst:2565 - Inout <daughtercard<6>> is never assigned.
WARNING:Xst:2565 - Inout <ram0_data<0>> is never assigned.
WARNING:Xst:2565 - Inout <user4<16>> is never assigned.
WARNING:Xst:2565 - Inout <user4<21>> is never assigned.
WARNING:Xst:2565 - Inout <ram1_data<10>> is never assigned.
WARNING:Xst:2565 - Inout <daughtercard<7>> is never assigned.
WARNING:Xst:2565 - Inout <ram0_data<1>> is never assigned.
WARNING:Xst:2565 - Inout <user4<22>> is never assigned.
WARNING:Xst:2565 - Inout <user4<17>> is never assigned.
WARNING:Xst:2565 - Inout <ram1_data<11>> is never assigned.
WARNING:Xst:2565 - Inout <daughtercard<8>> is never assigned.
WARNING:Xst:2565 - Inout <ram0_data<2>> is never assigned.
WARNING:Xst:2565 - Inout <user4<23>> is never assigned.
WARNING:Xst:2565 - Inout <user4<18>> is never assigned.
WARNING:Xst:647 - Input <button_left> is never used. This port will be preserved and left unconnected if it belongs to a top-level block or it belongs to a sub-block and the hierarchy of this sub-block is preserved.
WARNING:Xst:2565 - Inout <ram1_data<12>> is never assigned.
WARNING:Xst:2565 - Inout <daughtercard<9>> is never assigned.
WARNING:Xst:2565 - Inout <ram0_data<3>> is never assigned.
WARNING:Xst:2565 - Inout <user4<19>> is never assigned.
WARNING:Xst:2565 - Inout <user4<24>> is never assigned.
WARNING:Xst:2565 - Inout <ram1_data<13>> is never assigned.
WARNING:Xst:2565 - Inout <systemace_data<0>> is never assigned.
WARNING:Xst:2565 - Inout <ram0_data<4>> is never assigned.
WARNING:Xst:2565 - Inout <user4<30>> is never assigned.
WARNING:Xst:2565 - Inout <user4<25>> is never assigned.
WARNING:Xst:2565 - Inout <ram1_data<14>> is never assigned.
WARNING:Xst:2565 - Inout <systemace_data<1>> is never assigned.
WARNING:Xst:2565 - Inout <ram0_data<5>> is never assigned.
WARNING:Xst:2565 - Inout <user4<26>> is never assigned.
WARNING:Xst:2565 - Inout <user4<31>> is never assigned.
WARNING:Xst:2565 - Inout <ram1_data<20>> is never assigned.
WARNING:Xst:2565 - Inout <systemace_data<2>> is never assigned.
WARNING:Xst:2565 - Inout <ram1_data<15>> is never assigned.
WARNING:Xst:2565 - Inout <ram0_data<6>> is never assigned.
WARNING:Xst:2565 - Inout <user4<27>> is never assigned.
WARNING:Xst:2565 - Inout <systemace_data<3>> is never assigned.
WARNING:Xst:2565 - Inout <ram1_data<16>> is never assigned.
WARNING:Xst:2565 - Inout <ram1_data<21>> is never assigned.
WARNING:Xst:2565 - Inout <ram0_data<7>> is never assigned.
WARNING:Xst:647 - Input <tv_in_data_valid> is never used. This port will be preserved and left unconnected if it belongs to a top-level block or it belongs to a sub-block and the hierarchy of this sub-block is preserved.
WARNING:Xst:2565 - Inout <user4<28>> is never assigned.
WARNING:Xst:2565 - Inout <ram1_data<22>> is never assigned.
WARNING:Xst:2565 - Inout <systemace_data<4>> is never assigned.
WARNING:Xst:2565 - Inout <ram1_data<17>> is never assigned.
WARNING:Xst:647 - Input <tv_in_hff> is never used. This port will be preserved and left unconnected if it belongs to a top-level block or it belongs to a sub-block and the hierarchy of this sub-block is preserved.
WARNING:Xst:2565 - Inout <ram0_data<8>> is never assigned.
WARNING:Xst:2565 - Inout <user1<10>> is never assigned.
WARNING:Xst:2565 - Inout <user4<29>> is never assigned.
WARNING:Xst:2565 - Inout <ram1_data<23>> is never assigned.
WARNING:Xst:2565 - Inout <systemace_data<5>> is never assigned.
WARNING:Xst:2565 - Inout <ram1_data<18>> is never assigned.
WARNING:Xst:2565 - Inout <ram0_data<9>> is never assigned.
WARNING:Xst:2565 - Inout <user2<0>> is never assigned.
WARNING:Xst:2565 - Inout <user1<11>> is never assigned.
WARNING:Xst:647 - Input <tv_in_ycrcb> is never used. This port will be preserved and left unconnected if it belongs to a top-level block or it belongs to a sub-block and the hierarchy of this sub-block is preserved.
WARNING:Xst:2565 - Inout <ram0_data<10>> is never assigned.
WARNING:Xst:2565 - Inout <ram1_data<24>> is never assigned.
WARNING:Xst:2565 - Inout <systemace_data<6>> is never assigned.
WARNING:Xst:2565 - Inout <ram1_data<19>> is never assigned.
WARNING:Xst:2565 - Inout <user2<1>> is never assigned.
WARNING:Xst:2565 - Inout <user1<12>> is never assigned.
WARNING:Xst:2565 - Inout <ram0_data<11>> is never assigned.
WARNING:Xst:2565 - Inout <systemace_data<7>> is never assigned.
WARNING:Xst:2565 - Inout <ram1_data<25>> is never assigned.
WARNING:Xst:2565 - Inout <ram1_data<30>> is never assigned.
WARNING:Xst:2565 - Inout <user1<13>> is never assigned.
WARNING:Xst:2565 - Inout <user2<2>> is never assigned.
WARNING:Xst:2565 - Inout <ram0_data<12>> is never assigned.
WARNING:Xst:2565 - Inout <ram1_data<31>> is never assigned.
WARNING:Xst:2565 - Inout <systemace_data<8>> is never assigned.
WARNING:Xst:2565 - Inout <ram1_data<26>> is never assigned.
WARNING:Xst:2565 - Inout <user2<3>> is never assigned.
WARNING:Xst:2565 - Inout <user1<14>> is never assigned.
WARNING:Xst:2565 - Inout <ram0_data<13>> is never assigned.
WARNING:Xst:2565 - Inout <ram1_data<32>> is never assigned.
WARNING:Xst:2565 - Inout <systemace_data<9>> is never assigned.
WARNING:Xst:2565 - Inout <ram1_data<27>> is never assigned.
WARNING:Xst:2565 - Inout <user2<4>> is never assigned.
WARNING:Xst:2565 - Inout <user1<15>> is never assigned.
WARNING:Xst:2565 - Inout <user1<20>> is never assigned.
WARNING:Xst:2565 - Inout <ram0_data<14>> is never assigned.
WARNING:Xst:647 - Input <tv_in_line_clock1> is never used. This port will be preserved and left unconnected if it belongs to a top-level block or it belongs to a sub-block and the hierarchy of this sub-block is preserved.
WARNING:Xst:2565 - Inout <ram1_data<28>> is never assigned.
WARNING:Xst:2565 - Inout <ram1_data<33>> is never assigned.
WARNING:Xst:647 - Input <tv_in_line_clock2> is never used. This port will be preserved and left unconnected if it belongs to a top-level block or it belongs to a sub-block and the hierarchy of this sub-block is preserved.
WARNING:Xst:2565 - Inout <ram1_data<0>> is never assigned.
WARNING:Xst:2565 - Inout <user1<16>> is never assigned.
WARNING:Xst:2565 - Inout <user2<5>> is never assigned.
WARNING:Xst:2565 - Inout <user1<21>> is never assigned.
WARNING:Xst:2565 - Inout <ram0_data<20>> is never assigned.
WARNING:Xst:2565 - Inout <ram0_data<15>> is never assigned.
WARNING:Xst:2565 - Inout <ram1_data<29>> is never assigned.
WARNING:Xst:2565 - Inout <ram1_data<34>> is never assigned.
WARNING:Xst:647 - Input <keyboard_data> is never used. This port will be preserved and left unconnected if it belongs to a top-level block or it belongs to a sub-block and the hierarchy of this sub-block is preserved.
WARNING:Xst:2565 - Inout <ram1_data<1>> is never assigned.
WARNING:Xst:2565 - Inout <user1<17>> is never assigned.
WARNING:Xst:2565 - Inout <user2<6>> is never assigned.
WARNING:Xst:2565 - Inout <user1<22>> is never assigned.
WARNING:Xst:2565 - Inout <ram0_data<21>> is never assigned.
WARNING:Xst:2565 - Inout <ram0_data<16>> is never assigned.
WARNING:Xst:2565 - Inout <ram1_data<35>> is never assigned.
WARNING:Xst:2565 - Inout <ram1_data<2>> is never assigned.
WARNING:Xst:2565 - Inout <user1<18>> is never assigned.
WARNING:Xst:2565 - Inout <user2<7>> is never assigned.
WARNING:Xst:2565 - Inout <user1<23>> is never assigned.
WARNING:Xst:2565 - Inout <ram0_data<22>> is never assigned.
WARNING:Xst:2565 - Inout <ram0_data<17>> is never assigned.
WARNING:Xst:2565 - Inout <ram1_data<3>> is never assigned.
WARNING:Xst:2565 - Inout <systemace_data<10>> is never assigned.
WARNING:Xst:2565 - Inout <user1<24>> is never assigned.
WARNING:Xst:2565 - Inout <user2<8>> is never assigned.
WARNING:Xst:2565 - Inout <user1<19>> is never assigned.
WARNING:Xst:2565 - Inout <ram0_data<23>> is never assigned.
WARNING:Xst:2565 - Inout <ram0_data<18>> is never assigned.
WARNING:Xst:647 - Input <ac97_sdata_in> is never used. This port will be preserved and left unconnected if it belongs to a top-level block or it belongs to a sub-block and the hierarchy of this sub-block is preserved.
WARNING:Xst:2565 - Inout <ram1_data<4>> is never assigned.
WARNING:Xst:2565 - Inout <systemace_data<11>> is never assigned.
WARNING:Xst:2565 - Inout <user1<25>> is never assigned.
WARNING:Xst:2565 - Inout <user2<9>> is never assigned.
WARNING:Xst:2565 - Inout <user1<30>> is never assigned.
WARNING:Xst:2565 - Inout <ram0_data<24>> is never assigned.
WARNING:Xst:2565 - Inout <ram0_data<19>> is never assigned.
WARNING:Xst:2565 - Inout <ram1_data<5>> is never assigned.
WARNING:Xst:2565 - Inout <systemace_data<12>> is never assigned.
WARNING:Xst:2565 - Inout <user1<26>> is never assigned.
WARNING:Xst:2565 - Inout <user1<31>> is never assigned.
WARNING:Xst:2565 - Inout <ram0_data<25>> is never assigned.
WARNING:Xst:2565 - Inout <ram0_data<30>> is never assigned.
WARNING:Xst:2565 - Inout <ram1_data<6>> is never assigned.
WARNING:Xst:2565 - Inout <systemace_data<13>> is never assigned.
WARNING:Xst:2565 - Inout <user1<27>> is never assigned.
WARNING:Xst:2565 - Inout <ram0_data<31>> is never assigned.
WARNING:Xst:2565 - Inout <ram0_data<26>> is never assigned.
WARNING:Xst:2565 - Inout <ram1_data<7>> is never assigned.
WARNING:Xst:2565 - Inout <systemace_data<14>> is never assigned.
WARNING:Xst:2565 - Inout <user1<28>> is never assigned.
WARNING:Xst:2565 - Inout <ram0_data<32>> is never assigned.
WARNING:Xst:2565 - Inout <ram0_data<27>> is never assigned.
WARNING:Xst:2565 - Inout <ram1_data<8>> is never assigned.
WARNING:Xst:2565 - Inout <systemace_data<15>> is never assigned.
WARNING:Xst:2565 - Inout <user1<29>> is never assigned.
WARNING:Xst:2565 - Inout <ram0_data<28>> is never assigned.
WARNING:Xst:2565 - Inout <ram0_data<33>> is never assigned.
WARNING:Xst:647 - Input <systemace_mpbrdy> is never used. This port will be preserved and left unconnected if it belongs to a top-level block or it belongs to a sub-block and the hierarchy of this sub-block is preserved.
WARNING:Xst:2565 - Inout <ram1_data<9>> is never assigned.
WARNING:Xst:647 - Input <button_right> is never used. This port will be preserved and left unconnected if it belongs to a top-level block or it belongs to a sub-block and the hierarchy of this sub-block is preserved.
WARNING:Xst:2565 - Inout <ram0_data<34>> is never assigned.
WARNING:Xst:2565 - Inout <ram0_data<29>> is never assigned.
WARNING:Xst:2565 - Inout <ram0_data<35>> is never assigned.
WARNING:Xst:2565 - Inout <user3<10>> is never assigned.
WARNING:Xst:647 - Input <mouse_clock> is never used. This port will be preserved and left unconnected if it belongs to a top-level block or it belongs to a sub-block and the hierarchy of this sub-block is preserved.
WARNING:Xst:2565 - Inout <user3<11>> is never assigned.
WARNING:Xst:2565 - Inout <user3<12>> is never assigned.
WARNING:Xst:2565 - Inout <user3<13>> is never assigned.
WARNING:Xst:647 - Input <ac97_bit_clock> is never used. This port will be preserved and left unconnected if it belongs to a top-level block or it belongs to a sub-block and the hierarchy of this sub-block is preserved.
WARNING:Xst:2565 - Inout <user3<14>> is never assigned.
WARNING:Xst:2565 - Inout <user3<20>> is never assigned.
WARNING:Xst:2565 - Inout <user3<15>> is never assigned.
WARNING:Xst:2565 - Inout <user3<21>> is never assigned.
WARNING:Xst:2565 - Inout <user3<16>> is never assigned.
WARNING:Xst:2565 - Inout <user3<22>> is never assigned.
WARNING:Xst:2565 - Inout <user3<17>> is never assigned.
WARNING:Xst:2565 - Inout <user3<23>> is never assigned.
WARNING:Xst:2565 - Inout <user3<18>> is never assigned.
WARNING:Xst:2565 - Inout <user3<24>> is never assigned.
WARNING:Xst:2565 - Inout <user3<19>> is never assigned.
WARNING:Xst:2565 - Inout <user3<0>> is never assigned.
WARNING:Xst:2565 - Inout <user3<30>> is never assigned.
WARNING:Xst:2565 - Inout <user3<25>> is never assigned.
WARNING:Xst:2565 - Inout <user3<1>> is never assigned.
WARNING:Xst:2565 - Inout <user3<26>> is never assigned.
WARNING:Xst:2565 - Inout <user3<31>> is never assigned.
WARNING:Xst:2565 - Inout <user3<2>> is never assigned.
WARNING:Xst:2565 - Inout <user3<27>> is never assigned.
WARNING:Xst:2565 - Inout <user3<3>> is never assigned.
WARNING:Xst:653 - Signal <glove2y> is used but never assigned. This sourceless signal will be automatically connected to value 0.
WARNING:Xst:653 - Signal <glove2x> is used but never assigned. This sourceless signal will be automatically connected to value 0.
WARNING:Xst:653 - Signal <glove2closed> is used but never assigned. This sourceless signal will be automatically connected to value 0.
WARNING:Xst:653 - Signal <glove1y> is used but never assigned. This sourceless signal will be automatically connected to value 0.
WARNING:Xst:653 - Signal <glove1x> is used but never assigned. This sourceless signal will be automatically connected to value 0.
WARNING:Xst:653 - Signal <glove1closed> is used but never assigned. This sourceless signal will be automatically connected to value 0.
WARNING:Xst:653 - Signal <dist> is used but never assigned. This sourceless signal will be automatically connected to value 000000.
WARNING:Xst:653 - Signal <can_catch2> is used but never assigned. This sourceless signal will be automatically connected to value 0.
WARNING:Xst:653 - Signal <can_catch1> is used but never assigned. This sourceless signal will be automatically connected to value 0.
    Found 1-bit register for signal <b>.
    Found 1-bit 4-to-1 multiplexer for signal <b$mux0000>.
    Found 1-bit register for signal <hs>.
    Found 1-bit 4-to-1 multiplexer for signal <hs$mux0000>.
    Found 24-bit register for signal <rgb>.
    Found 24-bit 4-to-1 multiplexer for signal <rgb$mux0000>.
    Found 1-bit register for signal <vs>.
    Found 1-bit 4-to-1 multiplexer for signal <vs$mux0000>.
    Summary:
	inferred  27 D-type flip-flop(s).
	inferred  27 Multiplexer(s).
Unit <catch> synthesized.


=========================================================================
HDL Synthesis Report

Macro Statistics
# Adders/Subtractors                                   : 1
 3-bit adder                                           : 1
# Counters                                             : 5
 10-bit up counter                                     : 1
 11-bit up counter                                     : 1
 20-bit up counter                                     : 3
# Registers                                            : 15
 1-bit register                                        : 14
 24-bit register                                       : 1
# Multiplexers                                         : 4
 1-bit 4-to-1 multiplexer                              : 3
 24-bit 4-to-1 multiplexer                             : 1
# Xors                                                 : 3
 1-bit xor2                                            : 3

=========================================================================

=========================================================================
*                       Advanced HDL Synthesis                          *
=========================================================================

Loading device for application Rf_Device from file '2v6000.nph' in environment /afs/csail.mit.edu/proj/redsocs/Xilinx10.1/ISE.

=========================================================================
Advanced HDL Synthesis Report

Macro Statistics
# Adders/Subtractors                                   : 1
 3-bit adder                                           : 1
# Counters                                             : 5
 10-bit up counter                                     : 1
 11-bit up counter                                     : 1
 20-bit up counter                                     : 3
# Registers                                            : 38
 Flip-Flops                                            : 38
# Multiplexers                                         : 4
 1-bit 4-to-1 multiplexer                              : 3
 24-bit 4-to-1 multiplexer                             : 1
# Xors                                                 : 3
 1-bit xor2                                            : 3

=========================================================================

=========================================================================
*                         Low Level Synthesis                           *
=========================================================================
INFO:Xst:2261 - The FF/Latch <rgb_8> in Unit <catch> is equivalent to the following 7 FFs/Latches, which will be removed : <rgb_9> <rgb_10> <rgb_11> <rgb_12> <rgb_13> <rgb_14> <rgb_15> 
INFO:Xst:2261 - The FF/Latch <rgb_16> in Unit <catch> is equivalent to the following 7 FFs/Latches, which will be removed : <rgb_17> <rgb_18> <rgb_19> <rgb_20> <rgb_21> <rgb_22> <rgb_23> 
INFO:Xst:2261 - The FF/Latch <rgb_0> in Unit <catch> is equivalent to the following 7 FFs/Latches, which will be removed : <rgb_1> <rgb_2> <rgb_3> <rgb_4> <rgb_5> <rgb_6> <rgb_7> 

Optimizing unit <catch> ...

Optimizing unit <xvga> ...

Mapping all equations...
Building and optimizing final netlist ...
Found area constraint ratio of 100 (+ 5) on block catch, actual ratio is 0.

Final Macro Processing ...

=========================================================================
Final Register Report

Macro Statistics
# Registers                                            : 98
 Flip-Flops                                            : 98

=========================================================================

=========================================================================
*                           Partition Report                             *
=========================================================================

Partition Implementation Status
-------------------------------

  No Partitions were found in this design.

-------------------------------

=========================================================================
*                            Final Report                               *
=========================================================================
Final Results
RTL Top Level Output File Name     : catch.ngr
Top Level Output File Name         : catch
Output Format                      : NGC
Optimization Goal                  : Speed
Keep Hierarchy                     : NO

Design Statistics
# IOs                              : 576

Cell Usage :
# BELS                             : 351
#      GND                         : 1
#      INV                         : 17
#      LUT1                        : 76
#      LUT2                        : 7
#      LUT3                        : 12
#      LUT3_D                      : 4
#      LUT3_L                      : 1
#      LUT4                        : 49
#      LUT4_D                      : 3
#      LUT4_L                      : 5
#      MUXCY                       : 91
#      MUXF5                       : 3
#      VCC                         : 1
#      XORCY                       : 81
# FlipFlops/Latches                : 98
#      FD                          : 5
#      FDE                         : 6
#      FDR                         : 11
#      FDRE                        : 72
#      FDS                         : 4
# Shift Registers                  : 1
#      SRL16                       : 1
# Clock Buffers                    : 1
#      BUFG                        : 1
# IO Buffers                       : 246
#      IBUF                        : 5
#      IBUFG                       : 1
#      OBUF                        : 240
# DCMs                             : 1
#      DCM                         : 1
=========================================================================

Device utilization summary:
---------------------------

Selected Device : 2v6000bf957-4 

 Number of Slices:                       85  out of  33792     0%  
 Number of Slice Flip Flops:             98  out of  67584     0%  
 Number of 4 input LUTs:                175  out of  67584     0%  
    Number used as logic:               174
    Number used as Shift registers:       1
 Number of IOs:                         576
 Number of bonded IOBs:                 246  out of    684    35%  
 Number of GCLKs:                         1  out of     16     6%  
 Number of DCMs:                          1  out of     12     8%  

---------------------------
Partition Resource Summary:
---------------------------

  No Partitions were found in this design.

---------------------------


=========================================================================
TIMING REPORT

NOTE: THESE TIMING NUMBERS ARE ONLY A SYNTHESIS ESTIMATE.
      FOR ACCURATE TIMING INFORMATION PLEASE REFER TO THE TRACE REPORT
      GENERATED AFTER PLACE-and-ROUTE.

Clock Information:
------------------
-----------------------------------+------------------------+-------+
Clock Signal                       | Clock buffer(FF name)  | Load  |
-----------------------------------+------------------------+-------+
clock_27mhz                        | vclk1:CLKFX            | 99    |
-----------------------------------+------------------------+-------+

Asynchronous Control Signals Information:
----------------------------------------
No asynchronous control signals found in this design

Timing Summary:
---------------
Speed Grade: -4

   Minimum period: 14.640ns (Maximum Frequency: 68.306MHz)
   Minimum input arrival time before clock: 4.589ns
   Maximum output required time after clock: 9.312ns
   Maximum combinational path delay: 6.936ns

Timing Detail:
--------------
All values displayed in nanoseconds (ns)

=========================================================================
Timing constraint: Default period analysis for Clock 'clock_27mhz'
  Clock period: 14.640ns (frequency: 68.306MHz)
  Total number of paths / destination ports: 3132 / 258
-------------------------------------------------------------------------
Delay:               6.100ns (Levels of Logic = 4)
  Source:            xvga1/hcount_5 (FF)
  Destination:       xvga1/blank (FF)
  Source Clock:      clock_27mhz rising 2.4X
  Destination Clock: clock_27mhz rising 2.4X

  Data Path: xvga1/hcount_5 to xvga1/blank
                                Gate     Net
    Cell:in->out      fanout   Delay   Delay  Logical Name (Net Name)
    ----------------------------------------  ------------
     FDR:C->Q              5   0.568   1.056  xvga1/hcount_5 (xvga1/hcount_5)
     LUT3:I0->O            6   0.439   0.793  xvga1/hblankon21 (xvga1/N8)
     MUXF5:S->O            1   0.699   0.551  xvga1/hreset2_SW1 (N25)
     LUT4_L:I2->LO         1   0.439   0.134  xvga1/vreset2_SW1 (N16)
     LUT4:I2->O            2   0.439   0.702  xvga1/next_vblank45 (xvga1/next_vblank)
     FDS:S                     0.280          xvga1/blank
    ----------------------------------------
    Total                      6.100ns (2.864ns logic, 3.236ns route)
                                       (47.0% logic, 53.0% route)

=========================================================================
Timing constraint: Default OFFSET IN BEFORE for Clock 'clock_27mhz'
  Total number of paths / destination ports: 86 / 78
-------------------------------------------------------------------------
Offset:              4.589ns (Levels of Logic = 3)
  Source:            switch<0> (PAD)
  Destination:       rgb_0 (FF)
  Destination Clock: clock_27mhz rising 2.4X

  Data Path: switch<0> to rgb_0
                                Gate     Net
    Cell:in->out      fanout   Delay   Delay  Logical Name (Net Name)
    ----------------------------------------  ------------
     IBUF:I->O             6   0.825   1.079  switch_0_IBUF (switch_0_IBUF)
     LUT2:I0->O            1   0.439   0.803  rgb_mux0000<0>2209 (rgb_mux0000<0>2209)
     LUT4:I0->O            3   0.439   0.725  rgb_mux0000<0>2213 (N4)
     FDS:S                     0.280          rgb_0
    ----------------------------------------
    Total                      4.589ns (1.983ns logic, 2.606ns route)
                                       (43.2% logic, 56.8% route)

=========================================================================
Timing constraint: Default OFFSET OUT AFTER for Clock 'clock_27mhz'
  Total number of paths / destination ports: 31 / 30
-------------------------------------------------------------------------
Offset:              9.312ns (Levels of Logic = 2)
  Source:            reset_sr (FF)
  Destination:       led<2> (PAD)
  Source Clock:      clock_27mhz rising 2.4X

  Data Path: reset_sr to led<2>
                                Gate     Net
    Cell:in->out      fanout   Delay   Delay  Logical Name (Net Name)
    ----------------------------------------  ------------
     SRL16:CLK->Q         10   2.901   1.094  reset_sr (power_on_reset)
     LUT2:I1->O            1   0.439   0.517  led<2>1 (led_2_OBUF)
     OBUF:I->O                 4.361          led_2_OBUF (led<2>)
    ----------------------------------------
    Total                      9.312ns (7.701ns logic, 1.611ns route)
                                       (82.7% logic, 17.3% route)

=========================================================================
Timing constraint: Default path analysis
  Total number of paths / destination ports: 2 / 2
-------------------------------------------------------------------------
Delay:               6.936ns (Levels of Logic = 3)
  Source:            switch<1> (PAD)
  Destination:       led<1> (PAD)

  Data Path: switch<1> to led<1>
                                Gate     Net
    Cell:in->out      fanout   Delay   Delay  Logical Name (Net Name)
    ----------------------------------------  ------------
     IBUF:I->O             6   0.825   0.793  switch_1_IBUF (switch_1_IBUF)
     INV:I->O              1   0.439   0.517  led<1>1_INV_0 (led_1_OBUF)
     OBUF:I->O                 4.361          led_1_OBUF (led<1>)
    ----------------------------------------
    Total                      6.936ns (5.625ns logic, 1.311ns route)
                                       (81.1% logic, 18.9% route)

=========================================================================


Total REAL time to Xst completion: 12.00 secs
Total CPU time to Xst completion: 5.82 secs
 
--> 


Total memory usage is 458836 kilobytes

Number of errors   :    0 (   0 filtered)
Number of warnings :  334 (   0 filtered)
Number of infos    :   13 (   0 filtered)

